<?xml version="1.0" encoding="UTF-8"?>
<testng-results ignored="0" total="1" passed="1" failed="0" skipped="0">
  <reporter-output>
  </reporter-output>
  <suite started-at="2021-02-07T22:22:16 EET" name="Default suite" finished-at="2021-02-07T22:22:25 EET" duration-ms="9324">
    <groups>
    </groups>
    <test started-at="2021-02-07T22:22:16 EET" name="Default test" finished-at="2021-02-07T22:22:25 EET" duration-ms="9324">
      <class name="FACEBOOK.TESTS.ValidLoginFB">
        <test-method signature="test()[pri:0, instance:FACEBOOK.TESTS.ValidLoginFB@3098cf3b]" started-at="2021-02-07T22:22:16 EET" name="test" finished-at="2021-02-07T22:22:25 EET" duration-ms="9285" status="PASS">
          <reporter-output>
          </reporter-output>
        </test-method> <!-- test -->
      </class> <!-- FACEBOOK.TESTS.ValidLoginFB -->
    </test> <!-- Default test -->
  </suite> <!-- Default suite -->
</testng-results>
